37107287533902102798797998220837590246510135740250 + 0  Result:=  37107287533902102798797998220837590246510135740250
46376937677490009712648124896970078050417018260538 + 37107287533902102798797998220837590246510135740250  Result:=  83484225211392112511446123117807668296927154000788
74324986199524741059474233309513058123726617309629 + 83484225211392112511446123117807668296927154000788  Result:=  157809211410916853570920356427320726420653771310417
91942213363574161572522430563301811072406154908250 + 157809211410916853570920356427320726420653771310417  Result:=  149751424774491015143442786990622537493059926218667
23067588207539346171171980310421047513778063246676 + 149751424774491015143442786990622537493059926218667  Result:=  72819012982030361314614767301043585006837989465343
89261670696623633820136378418383684178734361726757 + 72819012982030361314614767301043585006837989465343  Result:=  162080683678653995134751145719427269185572351192100
28112879812849979408065481931592621691275889832738 + 162080683678653995134751145719427269185572351192100  Result:=  90193563491503974542816627651019890876848241024838
44274228917432520321923589422876796487670272189318 + 90193563491503974542816627651019890876848241024838  Result:=  134467792408936494864740217073896687364518513214156
47451445736001306439091167216856844588711603153276 + 134467792408936494864740217073896687364518513214156  Result:=  81919238144937801303831384290753531953230116367432
70386486105843025439939619828917593665686757934951 + 81919238144937801303831384290753531953230116367432  Result:=  152305724250780826743771004119671125618916874302383
62176457141856560629502157223196586755079324193331 + 152305724250780826743771004119671125618916874302383  Result:=  114482181392637387373273161342867712373996198495714
64906352462741904929101432445813822663347944758178 + 114482181392637387373273161342867712373996198495714  Result:=  79388533855379292302374593788681535037344143253892
92575867718337217661963751590579239728245598838407 + 79388533855379292302374593788681535037344143253892  Result:=  171964401573716509964338345379260774765589742092299
58203565325359399008402633568948830189458628227828 + 171964401573716509964338345379260774765589742092299  Result:=  130167966899075908972740978948209604955048370320127
80181199384826282014278194139940567587151170094390 + 130167966899075908972740978948209604955048370320127  Result:=  110349166283902190987019173088150172542199540414517
35398664372827112653829987240784473053190104293586 + 110349166283902190987019173088150172542199540414517  Result:=  45747830656729303640849160328934645595389644708103
86515506006295864861532075273371959191420517255829 + 45747830656729303640849160328934645595389644708103  Result:=  132263336663025168502381235602306604786810161963932
71693888707715466499115593487603532921714970056938 + 132263336663025168502381235602306604786810161963932  Result:=  103957225370740635001496829089910137708525132020870
54370070576826684624621495650076471787294438377604 + 103957225370740635001496829089910137708525132020870  Result:=  58327295947567319626118324739986609495819570398474
53282654108756828443191190634694037855217779295145 + 58327295947567319626118324739986609495819570398474  Result:=  111609950056324148069309515374680647351037349693619
36123272525000296071075082563815656710885258350721 + 111609950056324148069309515374680647351037349693619  Result:=  47733222581324444140384597938496304061922608044340
45876576172410976447339110607218265236877223636045 + 47733222581324444140384597938496304061922608044340  Result:=  93609798753735420587723708545714569298799831680385
17423706905851860660448207621209813287860733969412 + 93609798753735420587723708545714569298799831680385  Result:=  111033505659587281248171916166924382586660565649797
81142660418086830619328460811191061556940512689692 + 111033505659587281248171916166924382586660565649797  Result:=  92176166077674111867500376978115444143601078339489
51934325451728388641918047049293215058642563049483 + 92176166077674111867500376978115444143601078339489  Result:=  144110491529402500509418424027408659202243641388972
62467221648435076201727918039944693004732956340691 + 144110491529402500509418424027408659202243641388972  Result:=  106577713177837576711146342067353352206976597729663
15732444386908125794514089057706229429197107928209 + 106577713177837576711146342067353352206976597729663  Result:=  22310157564745702505660431125059581636173705657872
55037687525678773091862540744969844508330393682126 + 22310157564745702505660431125059581636173705657872  Result:=  77347845090424475597522971870029426144504099339998
18336384825330154686196124348767681297534375946515 + 77347845090424475597522971870029426144504099339998  Result:=  95684229915754630283719096218797107442038475286513
80386287592878490201521685554828717201219257766954 + 95684229915754630283719096218797107442038475286513  Result:=  176070517508633120485240781773625824643257733053467
78182833757993103614740356856449095527097864797581 + 176070517508633120485240781773625824643257733053467  Result:=  154253351266626224099981138630074920170355597851048
16726320100436897842553539920931837441497806860984 + 154253351266626224099981138630074920170355597851048  Result:=  70979671367063121942534678551006757611853404712032
48403098129077791799088218795327364475675590848030 + 70979671367063121942534678551006757611853404712032  Result:=  119382769496140913741622897346334122087528995560062
87086987551392711854517078544161852424320693150332 + 119382769496140913741622897346334122087528995560062  Result:=  106469757047533625596139975890495974511849688710394
59959406895756536782107074926966537676326235447210 + 106469757047533625596139975890495974511849688710394  Result:=  66429163943290162378247050817462512188175924157604
69793950679652694742597709739166693763042633987085 + 66429163943290162378247050817462512188175924157604  Result:=  136223114622942857120844760556629205951218558144689
41052684708299085211399427365734116182760315001271 + 136223114622942857120844760556629205951218558144689  Result:=  77275799331241942332244187922363322133978873145960
65378607361501080857009149939512557028198746004375 + 77275799331241942332244187922363322133978873145960  Result:=  142654406692743023189253337861875879162177619150335
35829035317434717326932123578154982629742552737307 + 142654406692743023189253337861875879162177619150335  Result:=  78483442010177740516185461440030861791920171887642
94953759765105305946966067683156574377167401875275 + 78483442010177740516185461440030861791920171887642  Result:=  173437201775283046463151529123187436169087573762917
88902802571733229619176668713819931811048770190271 + 173437201775283046463151529123187436169087573762917  Result:=  162340004347016276082328197837007367980136343953188
25267680276078003013678680992525463401061632866526 + 162340004347016276082328197837007367980136343953188  Result:=  87607684623094279096006878829532831381197976819714
36270218540497705585629946580636237993140746255962 + 87607684623094279096006878829532831381197976819714  Result:=  123877903163591984681636825410169069374338723075676
24074486908231174977792365466257246923322810917141 + 123877903163591984681636825410169069374338723075676  Result:=  47952390071823159659429190876426316297661533992817
91430288197103288597806669760892938638285025333403 + 47952390071823159659429190876426316297661533992817  Result:=  139382678268926448257235860637319254935946559326220
34413065578016127815921815005561868836468420090470 + 139382678268926448257235860637319254935946559326220  Result:=  73795743846942576073157675642881123772414979416690
23053081172816430487623791969842487255036638784583 + 73795743846942576073157675642881123772414979416690  Result:=  96848825019759006560781467612723611027451618201273
11487696932154902810424020138335124462181441773470 + 96848825019759006560781467612723611027451618201273  Result:=  108336521951913909371205487751058735489633059974743
63783299490636259666498587618221225225512486764533 + 108336521951913909371205487751058735489633059974743  Result:=  72119821442550169037704075369279960715145546739276
67720186971698544312419572409913959008952310058822 + 72119821442550169037704075369279960715145546739276  Result:=  139840008414248713350123647779193919724097856798098
95548255300263520781532296796249481641953868218774 + 139840008414248713350123647779193919724097856798098  Result:=  135388263714512234131655944575443401366051725016872
76085327132285723110424803456124867697064507995236 + 135388263714512234131655944575443401366051725016872  Result:=  111473590846797957242080748031568269063116233012108
37774242535411291684276865538926205024910326572967 + 111473590846797957242080748031568269063116233012108  Result:=  49247833382209248926357613570494474088026559585075
23701913275725675285653248258265463092207058596522 + 49247833382209248926357613570494474088026559585075  Result:=  72949746657934924212010861828759937180233618181597
29798860272258331913126375147341994889534765745501 + 72949746657934924212010861828759937180233618181597  Result:=  102748606930193256125137236976101932069768383927098
18495701454879288984856827726077713721403798879715 + 102748606930193256125137236976101932069768383927098  Result:=  21244308385072545109994064702179645791172182806813
38298203783031473527721580348144513491373226651381 + 21244308385072545109994064702179645791172182806813  Result:=  59542512168104018637715645050324159282545409458194
34829543829199918180278916522431027392251122869539 + 59542512168104018637715645050324159282545409458194  Result:=  94372055997303936817994561572755186674796532327733
40957953066405232632538044100059654939159879593635 + 94372055997303936817994561572755186674796532327733  Result:=  135330009063709169450532605672814841613956411921368
29746152185502371307642255121183693803580388584903 + 135330009063709169450532605672814841613956411921368  Result:=  65076161249211540758174860793998535417536800506271
41698116222072977186158236678424689157993532961922 + 65076161249211540758174860793998535417536800506271  Result:=  106774277471284517944333097472423224575530333468193
62467957194401269043877107275048102390895523597457 + 106774277471284517944333097472423224575530333468193  Result:=  69242234665685786988210204747471326966425857065650
23189706772547915061505504953922979530901129967519 + 69242234665685786988210204747471326966425857065650  Result:=  92431941438233702049715709701394306497326987033169
86188088225875314529584099251203829009407770775672 + 92431941438233702049715709701394306497326987033169  Result:=  178620029664109016579299808952598135506734757808841
11306739708304724483816533873502340845647058077308 + 178620029664109016579299808952598135506734757808841  Result:=  89926769372413741063116342826100476352381815886149
82959174767140363198008187129011875491310547126581 + 89926769372413741063116342826100476352381815886149  Result:=  172885944139554104261124529955112351843692363012730
97623331044818386269515456334926366572897563400500 + 172885944139554104261124529955112351843692363012730  Result:=  170509275184372490530639986290038718416589926413230
42846280183517070527831839425882145521227251250327 + 170509275184372490530639986290038718416589926413230  Result:=  113355555367889561058471825715920863937817177663557
55121603546981200581762165212827652751691296897789 + 113355555367889561058471825715920863937817177663557  Result:=  68477158914870761640233990928748516689508474561346
32238195734329339946437501907836945765883352399886 + 68477158914870761640233990928748516689508474561346  Result:=  100715354649200101586671492836585462455391826961232
75506164965184775180738168837861091527357929701337 + 100715354649200101586671492836585462455391826961232  Result:=  76221519614384876767409661674446553982749756662569
62177842752192623401942399639168044983993173312731 + 76221519614384876767409661674446553982749756662569  Result:=  138399362366577500169352061313614598966742929975300
32924185707147349566916674687634660915035914677504 + 138399362366577500169352061313614598966742929975300  Result:=  71323548073724849736268736001249259881778844652804
99518671430235219628894890102423325116913619626622 + 71323548073724849736268736001249259881778844652804  Result:=  170842219503960069365163626103672584998692464279426
73267460800591547471830798392868535206946944540724 + 170842219503960069365163626103672584998692464279426  Result:=  144109680304551616836994424496541120205639408820150
76841822524674417161514036427982273348055556214818 + 144109680304551616836994424496541120205639408820150  Result:=  120951502829226033998508460924523393553694965034968
97142617910342598647204516893989422179826088076852 + 120951502829226033998508460924523393553694965034968  Result:=  118094120739568632645712977818512815733521053111820
87783646182799346313767754307809363333018982642090 + 118094120739568632645712977818512815733521053111820  Result:=  105877766922367978959480732126322179066540035753910
10848802521674670883215120185883543223812876952786 + 105877766922367978959480732126322179066540035753910  Result:=  16726569444042649842695852312205722290352912706696
71329612474782464538636993009049310363619763878039 + 16726569444042649842695852312205722290352912706696  Result:=  88056181918825114381332845321255032653972676584735
62184073572399794223406235393808339651327408011116 + 88056181918825114381332845321255032653972676584735  Result:=  150240255491224908604739080715063372305300084595851
66627891981488087797941876876144230030984490851411 + 150240255491224908604739080715063372305300084595851  Result:=  116868147472712996402680957591207602336284575447262
60661826293682836764744779239180335110989069790714 + 116868147472712996402680957591207602336284575447262  Result:=  77529973766395833167425736830387937447273645237976
85786944089552990653640447425576083659976645795096 + 77529973766395833167425736830387937447273645237976  Result:=  163316917855948823821066184255964021107250291033072
66024396409905389607120198219976047599490197230297 + 163316917855948823821066184255964021107250291033072  Result:=  129341314265854213428186382475940068706740488263369
64913982680032973156037120041377903785566085089252 + 129341314265854213428186382475940068706740488263369  Result:=  94255296945887186584223502517317972492306573352621
16730939319872750275468906903707539413042652315011 + 94255296945887186584223502517317972492306573352621  Result:=  110986236265759936859692409421025511905349225667632
94809377245048795150954100921645863754710598436791 + 110986236265759936859692409421025511905349225667632  Result:=  105795613510808732010646510342671375660059824104423
78639167021187492431995700641917969777599028300699 + 105795613510808732010646510342671375660059824104423  Result:=  84434780531996224442642210984589345437658852405122
15368713711936614952811305876380278410754449733078 + 84434780531996224442642210984589345437658852405122  Result:=  99803494243932839395453516860969623848413302138200
40789923115535562561142322423255033685442488917353 + 99803494243932839395453516860969623848413302138200  Result:=  140593417359468401956595839284224657533855791055553
44889911501440648020369068063960672322193204149535 + 140593417359468401956595839284224657533855791055553  Result:=  85483328860909049976964907348185329856048995205088
41503128880339536053299340368006977710650566631954 + 85483328860909049976964907348185329856048995205088  Result:=  126986457741248586030264247716192307566699561837042
81234880673210146739058568557934581403627822703280 + 126986457741248586030264247716192307566699561837042  Result:=  108221338414458732769322816274126888970327384540322
82616570773948327592232845941706525094512325230608 + 108221338414458732769322816274126888970327384540322  Result:=  90837909188407060361555662215833414064839709770930
22918802058777319719839450180888072429661980811197 + 90837909188407060361555662215833414064839709770930  Result:=  113756711247184380081395112396721486494501690582127
77158542502016545090413245809786882778948721859617 + 113756711247184380081395112396721486494501690582127  Result:=  90915253749200925171808358206508369273450412441744
72107838435069186155435662884062257473692284509516 + 90915253749200925171808358206508369273450412441744  Result:=  163023092184270111327244021090570626747142696951260
20849603980134001723930671666823555245252804609722 + 163023092184270111327244021090570626747142696951260  Result:=  83872696164404113051174692757394181992395501560982
53503534226472524250874054075591789781264330331690 + 83872696164404113051174692757394181992395501560982  Result:=  137376230390876637302048746832985971773659831892672
Final sum =  137376230390876637302048746832985971773659831892672
